app/build/intermediates/manifest_merge_blame_file/release/manifest-merger-blame-release-report.txt
1<?xml version="1.0" encoding="utf-8"?>
2<manifest xmlns:android="http://schemas.android.com/apk/res/android"
3    package="com.dumb.dumb_deaf_system"
4    android:versionCode="1"
5    android:versionName="1.0" >
6
7    <uses-sdk
8        android:minSdkVersion="21"
8-->src/main/AndroidManifest.xml
9        android:targetSdkVersion="30" />
9-->src/main/AndroidManifest.xml
10
11    <uses-permission android:name="android.permission.INTERNET" />
11-->src/main/AndroidManifest.xml:6:5-67
11-->src/main/AndroidManifest.xml:6:22-64
12    <uses-permission android:name="android.permission.ACCESS_MEDIA_LOCATION" />
12-->src/main/AndroidManifest.xml:7:5-80
12-->src/main/AndroidManifest.xml:7:22-77
13    <uses-permission android:name="android.permission.CAMERA" />
13-->src/main/AndroidManifest.xml:8:5-65
13-->src/main/AndroidManifest.xml:8:22-62
14    <uses-permission android:name="android.permission.ACCESS_FINE_LOCATION" />
14-->src/main/AndroidManifest.xml:9:5-79
14-->src/main/AndroidManifest.xml:9:22-76
15    <uses-permission android:name="android.permission.INTERNET" />
15-->src/main/AndroidManifest.xml:6:5-67
15-->src/main/AndroidManifest.xml:6:22-64
16    <uses-permission android:name="android.permission.ACCESS_NETWORK_STATE" />
16-->src/main/AndroidManifest.xml:11:5-79
16-->src/main/AndroidManifest.xml:11:22-76
17    <uses-permission android:name="android.permission.ACCESS_NETWORK_STATE" />
17-->src/main/AndroidManifest.xml:11:5-79
17-->src/main/AndroidManifest.xml:11:22-76
18    <uses-permission android:name="android.permission.ACCESS_WIFI_STATE" />
18-->src/main/AndroidManifest.xml:13:5-76
18-->src/main/AndroidManifest.xml:13:22-73
19    <uses-permission android:name="android.permission.KILL_BACKGROUND_PROCESSES" />
19-->src/main/AndroidManifest.xml:14:5-84
19-->src/main/AndroidManifest.xml:14:22-81
20    <uses-permission android:name="com.google.android.c2dm.permission.RECEIVE" />
20-->src/main/AndroidManifest.xml:15:5-82
20-->src/main/AndroidManifest.xml:15:22-79
21    <uses-permission android:name="android.permission.READ_EXTERNAL_STORAGE" />
21-->src/main/AndroidManifest.xml:16:5-80
21-->src/main/AndroidManifest.xml:16:22-77
22    <uses-permission android:name="android.permission.INTERNET" />
22-->src/main/AndroidManifest.xml:6:5-67
22-->src/main/AndroidManifest.xml:6:22-64
23    <uses-permission android:name="android.permission.ACCESS_COARSE_LOCATION" />
23-->src/main/AndroidManifest.xml:18:5-81
23-->src/main/AndroidManifest.xml:18:22-78
24    <uses-permission android:name="android.permission.WAKE_LOCK" />
24-->src/main/AndroidManifest.xml:19:5-68
24-->src/main/AndroidManifest.xml:19:22-65
25
26    <application
26-->src/main/AndroidManifest.xml:21:5-61:19
27        android:allowBackup="true"
27-->src/main/AndroidManifest.xml:22:9-35
28        android:appComponentFactory="androidx.core.app.CoreComponentFactory"
28-->[androidx.core:core:1.3.1] AndroidManifest.xml:24:18-86
29        android:icon="@mipmap/ic_launcher"
29-->src/main/AndroidManifest.xml:23:9-43
30        android:label="@string/app_name"
30-->src/main/AndroidManifest.xml:24:9-41
31        android:roundIcon="@mipmap/ic_launcher_round"
31-->src/main/AndroidManifest.xml:25:9-54
32        android:supportsRtl="true"
32-->src/main/AndroidManifest.xml:26:9-35
33        android:theme="@style/Theme.Dumb_deaf_system"
33-->src/main/AndroidManifest.xml:27:9-54
34        android:usesCleartextTraffic="true" >
34-->src/main/AndroidManifest.xml:28:9-44
35        <activity
35-->src/main/AndroidManifest.xml:29:9-30:90
36            android:name="com.dumb.dumb_deaf_system.profile"
36-->src/main/AndroidManifest.xml:29:19-42
37            android:theme="@style/Theme.MaterialComponents.Light.NoActionBar" />
37-->src/main/AndroidManifest.xml:30:13-78
38        <activity
38-->src/main/AndroidManifest.xml:31:9-34:20
39            android:name="com.dumb.dumb_deaf_system.talks"
39-->src/main/AndroidManifest.xml:31:19-40
40            android:theme="@style/Theme.MaterialComponents.Light.NoActionBar" >
40-->src/main/AndroidManifest.xml:32:13-78
41        </activity>
42        <activity
42-->src/main/AndroidManifest.xml:35:9-38:20
43            android:name="com.dumb.dumb_deaf_system.details"
43-->src/main/AndroidManifest.xml:35:19-42
44            android:theme="@style/Theme.MaterialComponents.Light.NoActionBar" >
44-->src/main/AndroidManifest.xml:36:13-78
45        </activity>
46        <activity
46-->src/main/AndroidManifest.xml:39:9-41:81
47            android:name="com.dumb.dumb_deaf_system.signup"
47-->src/main/AndroidManifest.xml:40:13-35
48            android:theme="@style/Theme.MaterialComponents.Light.NoActionBar" />
48-->src/main/AndroidManifest.xml:41:13-78
49        <activity
49-->src/main/AndroidManifest.xml:42:9-44:81
50            android:name="com.dumb.dumb_deaf_system.Loginpage"
50-->src/main/AndroidManifest.xml:43:13-38
51            android:theme="@style/Theme.MaterialComponents.Light.NoActionBar" />
51-->src/main/AndroidManifest.xml:44:13-78
52        <activity
52-->src/main/AndroidManifest.xml:45:9-47:81
53            android:name="com.dumb.dumb_deaf_system.MainActivity"
53-->src/main/AndroidManifest.xml:46:13-41
54            android:theme="@style/Theme.MaterialComponents.Light.NoActionBar" />
54-->src/main/AndroidManifest.xml:47:13-78
55        <activity
55-->src/main/AndroidManifest.xml:48:9-56:20
56            android:name="com.dumb.dumb_deaf_system.splashscreen"
56-->src/main/AndroidManifest.xml:49:13-41
57            android:theme="@style/Theme.MaterialComponents.Light.NoActionBar" >
57-->src/main/AndroidManifest.xml:50:13-78
58            <intent-filter>
58-->src/main/AndroidManifest.xml:51:13-55:29
59                <action android:name="android.intent.action.MAIN" />
59-->src/main/AndroidManifest.xml:52:17-69
59-->src/main/AndroidManifest.xml:52:25-66
60
61                <category android:name="android.intent.category.LAUNCHER" />
61-->src/main/AndroidManifest.xml:54:17-77
61-->src/main/AndroidManifest.xml:54:27-74
62            </intent-filter>
63        </activity>
64
65        <meta-data
65-->src/main/AndroidManifest.xml:58:9-60:57
66            android:name="preloaded_fonts"
66-->src/main/AndroidManifest.xml:59:13-43
67            android:resource="@array/preloaded_fonts" />
67-->src/main/AndroidManifest.xml:60:13-54
68
69        <provider
69-->[com.squareup.picasso:picasso:2.71828] AndroidManifest.xml:8:9-11:40
70            android:name="com.squareup.picasso.PicassoProvider"
70-->[com.squareup.picasso:picasso:2.71828] AndroidManifest.xml:9:13-64
71            android:authorities="com.dumb.dumb_deaf_system.com.squareup.picasso"
71-->[com.squareup.picasso:picasso:2.71828] AndroidManifest.xml:10:13-72
72            android:exported="false" />
72-->[com.squareup.picasso:picasso:2.71828] AndroidManifest.xml:11:13-37
73
74        <service android:name="com.example.jean.jcplayer.service.JcPlayerService" />
74-->[com.github.jeancsanchez:JcPlayer:2.7.0] AndroidManifest.xml:18:9-85
74-->[com.github.jeancsanchez:JcPlayer:2.7.0] AndroidManifest.xml:18:18-82
75
76        <receiver
76-->[com.github.jeancsanchez:JcPlayer:2.7.0] AndroidManifest.xml:20:9-23:40
77            android:name="com.example.jean.jcplayer.service.notification.JcPlayerNotificationReceiver"
77-->[com.github.jeancsanchez:JcPlayer:2.7.0] AndroidManifest.xml:21:13-103
78            android:enabled="true"
78-->[com.github.jeancsanchez:JcPlayer:2.7.0] AndroidManifest.xml:22:13-35
79            android:exported="false" />
79-->[com.github.jeancsanchez:JcPlayer:2.7.0] AndroidManifest.xml:23:13-37
80    </application>
81
82</manifest>